{"contracts/ELTCoin.sol":{"l":{"9":0,"10":0,"11":0,"16":0,"18":0,"22":49,"23":46,"27":46,"28":46,"29":46,"60":45,"63":43,"64":42,"65":42,"66":42,"75":25,"103":4,"105":3,"110":3,"111":2,"112":2,"113":1,"114":1,"128":12,"129":7,"130":7,"131":7,"141":5,"151":2,"152":2,"153":2,"154":2,"158":2,"159":2,"160":2,"161":1,"163":1,"165":2,"166":2,"185":62,"192":10,"193":10,"201":0,"202":0,"203":0,"218":10,"220":10,"222":10,"229":62,"230":62},"path":"/Users/vfaramond/Repos/eltc-contract-official/contracts/ELTCoin.sol","s":{"1":0,"2":0,"3":0,"4":0,"5":0,"6":49,"7":46,"8":46,"9":46,"10":46,"11":45,"12":43,"13":42,"14":42,"15":42,"16":25,"17":4,"18":3,"19":3,"20":2,"21":2,"22":1,"23":1,"24":12,"25":7,"26":7,"27":7,"28":5,"29":2,"30":2,"31":2,"32":2,"33":2,"34":2,"35":2,"36":1,"37":1,"38":2,"39":2,"40":62,"41":10,"42":0,"43":0,"44":0,"45":10,"46":10,"47":10,"48":62,"49":62},"b":{"1":[0,0],"2":[46,3],"3":[46,0],"4":[43,2],"5":[3,1],"6":[7,5],"7":[2,0],"8":[2,0],"9":[1,1],"10":[10,0],"11":[0,0],"12":[10,0]},"f":{"1":0,"2":0,"3":49,"4":46,"5":45,"6":25,"7":4,"8":12,"9":5,"10":2,"11":2,"12":62,"13":10,"14":0,"15":10,"16":62},"fnMap":{"1":{"name":"mul","line":8,"loc":{"start":{"line":8,"column":2},"end":{"line":8,"column":72}}},"2":{"name":"div","line":14,"loc":{"start":{"line":14,"column":2},"end":{"line":14,"column":72}}},"3":{"name":"sub","line":21,"loc":{"start":{"line":21,"column":2},"end":{"line":21,"column":72}}},"4":{"name":"add","line":26,"loc":{"start":{"line":26,"column":2},"end":{"line":26,"column":72}}},"5":{"name":"transfer","line":59,"loc":{"start":{"line":59,"column":2},"end":{"line":59,"column":70}}},"6":{"name":"balanceOf","line":74,"loc":{"start":{"line":74,"column":2},"end":{"line":74,"column":78}}},"7":{"name":"transferFrom","line":102,"loc":{"start":{"line":102,"column":2},"end":{"line":102,"column":89}}},"8":{"name":"approve","line":127,"loc":{"start":{"line":127,"column":2},"end":{"line":127,"column":74}}},"9":{"name":"allowance","line":140,"loc":{"start":{"line":140,"column":2},"end":{"line":140,"column":98}}},"10":{"name":"increaseApproval","line":150,"loc":{"start":{"line":150,"column":2},"end":{"line":150,"column":87}}},"11":{"name":"decreaseApproval","line":157,"loc":{"start":{"line":157,"column":2},"end":{"line":157,"column":92}}},"12":{"name":"Ownable","line":184,"loc":{"start":{"line":184,"column":2},"end":{"line":184,"column":20}}},"13":{"name":"onlyOwner","line":191,"loc":{"start":{"line":191,"column":2},"end":{"line":191,"column":22}}},"14":{"name":"transferOwnership","line":200,"loc":{"start":{"line":200,"column":2},"end":{"line":200,"column":63}}},"15":{"name":"makePresaleReady","line":217,"loc":{"start":{"line":217,"column":2},"end":{"line":217,"column":46}}},"16":{"name":"ELTCoin","line":228,"loc":{"start":{"line":228,"column":2},"end":{"line":228,"column":20}}}},"statementMap":{"1":{"start":{"line":9,"column":4},"end":{"line":9,"column":20}},"2":{"start":{"line":10,"column":4},"end":{"line":10,"column":31}},"3":{"start":{"line":11,"column":4},"end":{"line":11,"column":12}},"4":{"start":{"line":16,"column":4},"end":{"line":16,"column":20}},"5":{"start":{"line":18,"column":4},"end":{"line":18,"column":12}},"6":{"start":{"line":22,"column":4},"end":{"line":22,"column":17}},"7":{"start":{"line":23,"column":4},"end":{"line":23,"column":16}},"8":{"start":{"line":27,"column":4},"end":{"line":27,"column":20}},"9":{"start":{"line":28,"column":4},"end":{"line":28,"column":17}},"10":{"start":{"line":29,"column":4},"end":{"line":29,"column":12}},"11":{"start":{"line":60,"column":4},"end":{"line":60,"column":29}},"12":{"start":{"line":63,"column":4},"end":{"line":63,"column":58}},"13":{"start":{"line":64,"column":4},"end":{"line":64,"column":44}},"14":{"start":{"line":65,"column":4},"end":{"line":65,"column":36}},"15":{"start":{"line":66,"column":4},"end":{"line":66,"column":15}},"16":{"start":{"line":75,"column":4},"end":{"line":75,"column":27}},"17":{"start":{"line":103,"column":4},"end":{"line":103,"column":29}},"18":{"start":{"line":105,"column":4},"end":{"line":105,"column":50}},"19":{"start":{"line":110,"column":4},"end":{"line":110,"column":48}},"20":{"start":{"line":111,"column":4},"end":{"line":111,"column":44}},"21":{"start":{"line":112,"column":4},"end":{"line":112,"column":54}},"22":{"start":{"line":113,"column":4},"end":{"line":113,"column":31}},"23":{"start":{"line":114,"column":4},"end":{"line":114,"column":15}},"24":{"start":{"line":128,"column":4},"end":{"line":128,"column":26}},"25":{"start":{"line":129,"column":4},"end":{"line":129,"column":41}},"26":{"start":{"line":130,"column":4},"end":{"line":130,"column":41}},"27":{"start":{"line":131,"column":4},"end":{"line":131,"column":15}},"28":{"start":{"line":141,"column":4},"end":{"line":141,"column":36}},"29":{"start":{"line":151,"column":4},"end":{"line":151,"column":26}},"30":{"start":{"line":152,"column":4},"end":{"line":152,"column":81}},"31":{"start":{"line":153,"column":4},"end":{"line":153,"column":64}},"32":{"start":{"line":154,"column":4},"end":{"line":154,"column":15}},"33":{"start":{"line":158,"column":4},"end":{"line":158,"column":26}},"34":{"start":{"line":159,"column":4},"end":{"line":159,"column":48}},"35":{"start":{"line":160,"column":4},"end":{"line":160,"column":5630}},"36":{"start":{"line":161,"column":6},"end":{"line":161,"column":38}},"37":{"start":{"line":163,"column":6},"end":{"line":163,"column":67}},"38":{"start":{"line":165,"column":4},"end":{"line":165,"column":64}},"39":{"start":{"line":166,"column":4},"end":{"line":166,"column":15}},"40":{"start":{"line":185,"column":4},"end":{"line":185,"column":21}},"41":{"start":{"line":192,"column":4},"end":{"line":192,"column":31}},"42":{"start":{"line":201,"column":4},"end":{"line":201,"column":34}},"43":{"start":{"line":202,"column":4},"end":{"line":202,"column":40}},"44":{"start":{"line":203,"column":4},"end":{"line":203,"column":19}},"45":{"start":{"line":218,"column":4},"end":{"line":218,"column":27}},"46":{"start":{"line":220,"column":4},"end":{"line":220,"column":17}},"47":{"start":{"line":222,"column":4},"end":{"line":222,"column":24}},"48":{"start":{"line":229,"column":4},"end":{"line":229,"column":31}},"49":{"start":{"line":230,"column":4},"end":{"line":230,"column":40}}},"branchMap":{"1":{"line":10,"type":"if","locations":[{"start":{"line":10,"column":4},"end":{"line":10,"column":4}},{"start":{"line":10,"column":4},"end":{"line":10,"column":4}}]},"2":{"line":22,"type":"if","locations":[{"start":{"line":22,"column":4},"end":{"line":22,"column":4}},{"start":{"line":22,"column":4},"end":{"line":22,"column":4}}]},"3":{"line":28,"type":"if","locations":[{"start":{"line":28,"column":4},"end":{"line":28,"column":4}},{"start":{"line":28,"column":4},"end":{"line":28,"column":4}}]},"4":{"line":60,"type":"if","locations":[{"start":{"line":60,"column":4},"end":{"line":60,"column":4}},{"start":{"line":60,"column":4},"end":{"line":60,"column":4}}]},"5":{"line":103,"type":"if","locations":[{"start":{"line":103,"column":4},"end":{"line":103,"column":4}},{"start":{"line":103,"column":4},"end":{"line":103,"column":4}}]},"6":{"line":128,"type":"if","locations":[{"start":{"line":128,"column":4},"end":{"line":128,"column":4}},{"start":{"line":128,"column":4},"end":{"line":128,"column":4}}]},"7":{"line":151,"type":"if","locations":[{"start":{"line":151,"column":4},"end":{"line":151,"column":4}},{"start":{"line":151,"column":4},"end":{"line":151,"column":4}}]},"8":{"line":158,"type":"if","locations":[{"start":{"line":158,"column":4},"end":{"line":158,"column":4}},{"start":{"line":158,"column":4},"end":{"line":158,"column":4}}]},"9":{"line":160,"type":"if","locations":[{"start":{"line":160,"column":4},"end":{"line":160,"column":4}},{"start":{"line":160,"column":4},"end":{"line":160,"column":4}}]},"10":{"line":192,"type":"if","locations":[{"start":{"line":192,"column":4},"end":{"line":192,"column":4}},{"start":{"line":192,"column":4},"end":{"line":192,"column":4}}]},"11":{"line":201,"type":"if","locations":[{"start":{"line":201,"column":4},"end":{"line":201,"column":4}},{"start":{"line":201,"column":4},"end":{"line":201,"column":4}}]},"12":{"line":218,"type":"if","locations":[{"start":{"line":218,"column":4},"end":{"line":218,"column":4}},{"start":{"line":218,"column":4},"end":{"line":218,"column":4}}]}}},"contracts/ELTCoinCrowdsale.sol":{"l":{"14":0,"15":0,"16":0,"21":6,"23":6,"27":0,"28":0,"32":28,"33":28,"34":28,"53":11,"60":8,"61":8,"69":0,"70":0,"71":0,"116":11,"118":11,"119":11,"120":11,"121":11,"122":11,"127":2,"132":12,"133":12,"135":7,"137":7,"139":6,"141":6,"144":6,"147":6,"149":6,"151":6,"153":6,"159":6,"164":11,"165":11,"166":11,"171":2,"191":11,"199":12,"200":11,"201":11,"215":11,"216":11,"222":11,"223":11,"246":6,"247":6,"259":0,"260":0,"269":11,"291":2,"292":1},"path":"/Users/vfaramond/Repos/eltc-contract-official/contracts/ELTCoinCrowdsale.sol","s":{"1":0,"2":0,"3":0,"4":6,"5":6,"6":0,"7":0,"8":28,"9":28,"10":28,"11":11,"12":8,"13":0,"14":0,"15":0,"16":11,"17":11,"18":11,"19":11,"20":11,"21":11,"22":2,"23":12,"24":12,"25":7,"26":7,"27":6,"28":6,"29":6,"30":6,"31":6,"32":6,"33":6,"34":11,"35":11,"36":11,"37":2,"38":11,"39":12,"40":11,"41":11,"42":11,"43":11,"44":11,"45":11,"46":6,"47":6,"48":0,"49":0,"50":11,"51":2},"b":{"1":[0,0],"2":[0,0],"3":[28,0],"4":[8,0],"5":[0,0],"6":[11,0],"7":[12,0],"8":[7,5],"9":[6,1],"10":[6,0],"11":[11,1],"12":[11,0],"13":[1,1]},"f":{"1":0,"2":6,"3":0,"4":28,"5":11,"6":8,"7":0,"8":11,"9":2,"10":12,"11":6,"12":11,"13":2,"14":11,"15":12,"16":11,"17":11,"18":6,"19":0,"20":11,"21":11,"22":2},"fnMap":{"1":{"name":"mul","line":13,"loc":{"start":{"line":13,"column":2},"end":{"line":13,"column":72}}},"2":{"name":"div","line":19,"loc":{"start":{"line":19,"column":2},"end":{"line":19,"column":72}}},"3":{"name":"sub","line":26,"loc":{"start":{"line":26,"column":2},"end":{"line":26,"column":72}}},"4":{"name":"add","line":31,"loc":{"start":{"line":31,"column":2},"end":{"line":31,"column":72}}},"5":{"name":"Ownable","line":52,"loc":{"start":{"line":52,"column":2},"end":{"line":52,"column":20}}},"6":{"name":"onlyOwner","line":59,"loc":{"start":{"line":59,"column":2},"end":{"line":59,"column":22}}},"7":{"name":"transferOwnership","line":68,"loc":{"start":{"line":68,"column":2},"end":{"line":68,"column":63}}},"8":{"name":"Crowdsale","line":113,"loc":{"start":{"line":113,"column":2},"end":{"line":114,"column":104}}},"9":{"name":null,"line":126,"loc":{"start":{"line":126,"column":2},"end":{"line":126,"column":21}}},"10":{"name":"buyTokens","line":131,"loc":{"start":{"line":131,"column":2},"end":{"line":131,"column":56}}},"11":{"name":"forwardFunds","line":158,"loc":{"start":{"line":158,"column":2},"end":{"line":158,"column":48}}},"12":{"name":"validPurchase","line":163,"loc":{"start":{"line":163,"column":2},"end":{"line":163,"column":50}}},"13":{"name":"hasEnded","line":170,"loc":{"start":{"line":170,"column":2},"end":{"line":170,"column":52}}},"14":{"name":"IndividualCappedCrowdsale","line":189,"loc":{"start":{"line":189,"column":2},"end":{"line":189,"column":60}}},"15":{"name":"validPurchase","line":198,"loc":{"start":{"line":198,"column":2},"end":{"line":198,"column":50}}},"16":{"name":"CappedCrowdsale","line":214,"loc":{"start":{"line":214,"column":2},"end":{"line":214,"column":40}}},"17":{"name":"validPurchase","line":221,"loc":{"start":{"line":221,"column":2},"end":{"line":221,"column":50}}},"18":{"name":"changeRegistrationStatus","line":242,"loc":{"start":{"line":242,"column":4},"end":{"line":245,"column":5}}},"19":{"name":"changeRegistrationStatuses","line":255,"loc":{"start":{"line":255,"column":4},"end":{"line":258,"column":5}}},"20":{"name":"validPurchase","line":268,"loc":{"start":{"line":268,"column":4},"end":{"line":268,"column":50}}},"21":{"name":"ELTCoinCrowdsale","line":274,"loc":{"start":{"line":274,"column":2},"end":{"line":279,"column":3}}},"22":{"name":"drainRemainingToken","line":287,"loc":{"start":{"line":287,"column":2},"end":{"line":290,"column":3}}}},"statementMap":{"1":{"start":{"line":14,"column":4},"end":{"line":14,"column":20}},"2":{"start":{"line":15,"column":4},"end":{"line":15,"column":31}},"3":{"start":{"line":16,"column":4},"end":{"line":16,"column":12}},"4":{"start":{"line":21,"column":4},"end":{"line":21,"column":20}},"5":{"start":{"line":23,"column":4},"end":{"line":23,"column":12}},"6":{"start":{"line":27,"column":4},"end":{"line":27,"column":17}},"7":{"start":{"line":28,"column":4},"end":{"line":28,"column":16}},"8":{"start":{"line":32,"column":4},"end":{"line":32,"column":20}},"9":{"start":{"line":33,"column":4},"end":{"line":33,"column":17}},"10":{"start":{"line":34,"column":4},"end":{"line":34,"column":12}},"11":{"start":{"line":53,"column":4},"end":{"line":53,"column":21}},"12":{"start":{"line":60,"column":4},"end":{"line":60,"column":31}},"13":{"start":{"line":69,"column":4},"end":{"line":69,"column":34}},"14":{"start":{"line":70,"column":4},"end":{"line":70,"column":40}},"15":{"start":{"line":71,"column":4},"end":{"line":71,"column":19}},"16":{"start":{"line":116,"column":4},"end":{"line":116,"column":26}},"17":{"start":{"line":118,"column":4},"end":{"line":118,"column":41}},"18":{"start":{"line":119,"column":4},"end":{"line":119,"column":21}},"19":{"start":{"line":120,"column":4},"end":{"line":120,"column":15}},"20":{"start":{"line":121,"column":4},"end":{"line":121,"column":19}},"21":{"start":{"line":122,"column":4},"end":{"line":122,"column":31}},"22":{"start":{"line":127,"column":4},"end":{"line":127,"column":24}},"23":{"start":{"line":132,"column":4},"end":{"line":132,"column":30}},"24":{"start":{"line":133,"column":4},"end":{"line":133,"column":27}},"25":{"start":{"line":135,"column":4},"end":{"line":135,"column":32}},"26":{"start":{"line":137,"column":4},"end":{"line":137,"column":37}},"27":{"start":{"line":139,"column":4},"end":{"line":139,"column":43}},"28":{"start":{"line":141,"column":4},"end":{"line":141,"column":29}},"29":{"start":{"line":144,"column":4},"end":{"line":144,"column":39}},"30":{"start":{"line":147,"column":4},"end":{"line":147,"column":39}},"31":{"start":{"line":149,"column":4},"end":{"line":149,"column":47}},"32":{"start":{"line":151,"column":4},"end":{"line":151,"column":60}},"33":{"start":{"line":153,"column":4},"end":{"line":153,"column":26}},"34":{"start":{"line":164,"column":4},"end":{"line":164,"column":37}},"35":{"start":{"line":165,"column":4},"end":{"line":165,"column":40}},"36":{"start":{"line":166,"column":4},"end":{"line":166,"column":42}},"37":{"start":{"line":171,"column":4},"end":{"line":171,"column":24}},"38":{"start":{"line":191,"column":4},"end":{"line":191,"column":33}},"39":{"start":{"line":199,"column":4},"end":{"line":199,"column":43}},"40":{"start":{"line":200,"column":4},"end":{"line":200,"column":69}},"41":{"start":{"line":201,"column":4},"end":{"line":201,"column":77}},"42":{"start":{"line":215,"column":4},"end":{"line":215,"column":20}},"43":{"start":{"line":216,"column":4},"end":{"line":216,"column":13}},"44":{"start":{"line":222,"column":4},"end":{"line":222,"column":51}},"45":{"start":{"line":223,"column":4},"end":{"line":223,"column":45}},"46":{"start":{"line":246,"column":8},"end":{"line":246,"column":40}},"47":{"start":{"line":247,"column":8},"end":{"line":247,"column":54}},"48":{"start":{"line":259,"column":8},"end":{"line":259,"column":7248}},"49":{"start":{"line":260,"column":12},"end":{"line":260,"column":61}},"50":{"start":{"line":269,"column":8},"end":{"line":269,"column":62}},"51":{"start":{"line":291,"column":6},"end":{"line":291,"column":24}}},"branchMap":{"1":{"line":15,"type":"if","locations":[{"start":{"line":15,"column":4},"end":{"line":15,"column":4}},{"start":{"line":15,"column":4},"end":{"line":15,"column":4}}]},"2":{"line":27,"type":"if","locations":[{"start":{"line":27,"column":4},"end":{"line":27,"column":4}},{"start":{"line":27,"column":4},"end":{"line":27,"column":4}}]},"3":{"line":33,"type":"if","locations":[{"start":{"line":33,"column":4},"end":{"line":33,"column":4}},{"start":{"line":33,"column":4},"end":{"line":33,"column":4}}]},"4":{"line":60,"type":"if","locations":[{"start":{"line":60,"column":4},"end":{"line":60,"column":4}},{"start":{"line":60,"column":4},"end":{"line":60,"column":4}}]},"5":{"line":69,"type":"if","locations":[{"start":{"line":69,"column":4},"end":{"line":69,"column":4}},{"start":{"line":69,"column":4},"end":{"line":69,"column":4}}]},"6":{"line":116,"type":"if","locations":[{"start":{"line":116,"column":4},"end":{"line":116,"column":4}},{"start":{"line":116,"column":4},"end":{"line":116,"column":4}}]},"7":{"line":132,"type":"if","locations":[{"start":{"line":132,"column":4},"end":{"line":132,"column":4}},{"start":{"line":132,"column":4},"end":{"line":132,"column":4}}]},"8":{"line":133,"type":"if","locations":[{"start":{"line":133,"column":4},"end":{"line":133,"column":4}},{"start":{"line":133,"column":4},"end":{"line":133,"column":4}}]},"9":{"line":137,"type":"if","locations":[{"start":{"line":137,"column":4},"end":{"line":137,"column":4}},{"start":{"line":137,"column":4},"end":{"line":137,"column":4}}]},"10":{"line":149,"type":"if","locations":[{"start":{"line":149,"column":4},"end":{"line":149,"column":4}},{"start":{"line":149,"column":4},"end":{"line":149,"column":4}}]},"11":{"line":199,"type":"if","locations":[{"start":{"line":199,"column":4},"end":{"line":199,"column":4}},{"start":{"line":199,"column":4},"end":{"line":199,"column":4}}]},"12":{"line":215,"type":"if","locations":[{"start":{"line":215,"column":4},"end":{"line":215,"column":4}},{"start":{"line":215,"column":4},"end":{"line":215,"column":4}}]},"13":{"line":291,"type":"if","locations":[{"start":{"line":291,"column":6},"end":{"line":291,"column":6}},{"start":{"line":291,"column":6},"end":{"line":291,"column":6}}]}}},"contracts/ELTCoinDynamicCrowdsale.sol":{"l":{"14":41,"15":41,"16":41,"21":39,"23":39,"27":42,"28":42,"32":83,"33":83,"34":83,"53":13,"60":3,"61":3,"69":0,"70":0,"71":0,"129":13,"131":13,"132":13,"133":13,"134":13,"135":13,"136":13,"137":13,"142":6,"147":16,"148":16,"150":12,"152":12,"154":11,"156":11,"158":11,"159":14,"161":14,"162":1,"166":14,"168":14,"170":14,"172":14,"173":14,"175":14,"178":11,"180":11,"182":11,"184":11,"188":11,"189":11,"194":15,"195":15,"196":15,"201":2,"221":13,"229":16,"230":15,"231":15,"245":13,"246":13,"252":15,"253":15,"274":2,"275":1,"279":1},"path":"/Users/vfaramond/Repos/eltc-contract-official/contracts/ELTCoinDynamicCrowdsale.sol","s":{"1":41,"2":41,"3":41,"4":39,"5":39,"6":42,"7":42,"8":83,"9":83,"10":83,"11":13,"12":3,"13":0,"14":0,"15":0,"16":13,"17":13,"18":13,"19":13,"20":13,"21":13,"22":13,"23":13,"24":6,"25":16,"26":16,"27":12,"28":12,"29":11,"30":11,"31":11,"32":14,"33":14,"34":1,"35":14,"36":14,"37":14,"38":14,"39":14,"40":14,"41":11,"42":11,"43":11,"44":11,"45":11,"46":15,"47":15,"48":15,"49":2,"50":13,"51":16,"52":15,"53":15,"54":13,"55":13,"56":15,"57":15,"58":2,"59":1},"b":{"1":[41,0],"2":[42,0],"3":[83,0],"4":[3,0],"5":[0,0],"6":[13,0],"7":[16,0],"8":[12,4],"9":[11,1],"10":[1,13],"11":[3,11],"12":[11,0],"13":[15,1],"14":[13,0],"15":[1,1]},"f":{"1":41,"2":39,"3":42,"4":83,"5":13,"6":3,"7":0,"8":13,"9":6,"10":16,"11":11,"12":15,"13":2,"14":13,"15":16,"16":13,"17":15,"18":13,"19":2,"20":1},"fnMap":{"1":{"name":"mul","line":13,"loc":{"start":{"line":13,"column":2},"end":{"line":13,"column":72}}},"2":{"name":"div","line":19,"loc":{"start":{"line":19,"column":2},"end":{"line":19,"column":72}}},"3":{"name":"sub","line":26,"loc":{"start":{"line":26,"column":2},"end":{"line":26,"column":72}}},"4":{"name":"add","line":31,"loc":{"start":{"line":31,"column":2},"end":{"line":31,"column":72}}},"5":{"name":"Ownable","line":52,"loc":{"start":{"line":52,"column":2},"end":{"line":52,"column":20}}},"6":{"name":"onlyOwner","line":59,"loc":{"start":{"line":59,"column":2},"end":{"line":59,"column":22}}},"7":{"name":"transferOwnership","line":68,"loc":{"start":{"line":68,"column":2},"end":{"line":68,"column":63}}},"8":{"name":"Crowdsale","line":126,"loc":{"start":{"line":126,"column":2},"end":{"line":127,"column":109}}},"9":{"name":null,"line":141,"loc":{"start":{"line":141,"column":2},"end":{"line":141,"column":21}}},"10":{"name":"buyTokens","line":146,"loc":{"start":{"line":146,"column":2},"end":{"line":146,"column":56}}},"11":{"name":"forwardFunds","line":187,"loc":{"start":{"line":187,"column":2},"end":{"line":187,"column":48}}},"12":{"name":"validPurchase","line":193,"loc":{"start":{"line":193,"column":2},"end":{"line":193,"column":50}}},"13":{"name":"hasEnded","line":200,"loc":{"start":{"line":200,"column":2},"end":{"line":200,"column":52}}},"14":{"name":"IndividualCappedCrowdsale","line":219,"loc":{"start":{"line":219,"column":2},"end":{"line":219,"column":60}}},"15":{"name":"validPurchase","line":228,"loc":{"start":{"line":228,"column":2},"end":{"line":228,"column":50}}},"16":{"name":"CappedCrowdsale","line":244,"loc":{"start":{"line":244,"column":2},"end":{"line":244,"column":40}}},"17":{"name":"validPurchase","line":251,"loc":{"start":{"line":251,"column":2},"end":{"line":251,"column":50}}},"18":{"name":"ELTCoinDynamicCrowdsale","line":258,"loc":{"start":{"line":258,"column":2},"end":{"line":262,"column":3}}},"19":{"name":"drainRemainingToken","line":270,"loc":{"start":{"line":270,"column":2},"end":{"line":273,"column":3}}},"20":{"name":"setMaxRate","line":278,"loc":{"start":{"line":278,"column":2},"end":{"line":278,"column":56}}}},"statementMap":{"1":{"start":{"line":14,"column":4},"end":{"line":14,"column":20}},"2":{"start":{"line":15,"column":4},"end":{"line":15,"column":31}},"3":{"start":{"line":16,"column":4},"end":{"line":16,"column":12}},"4":{"start":{"line":21,"column":4},"end":{"line":21,"column":20}},"5":{"start":{"line":23,"column":4},"end":{"line":23,"column":12}},"6":{"start":{"line":27,"column":4},"end":{"line":27,"column":17}},"7":{"start":{"line":28,"column":4},"end":{"line":28,"column":16}},"8":{"start":{"line":32,"column":4},"end":{"line":32,"column":20}},"9":{"start":{"line":33,"column":4},"end":{"line":33,"column":17}},"10":{"start":{"line":34,"column":4},"end":{"line":34,"column":12}},"11":{"start":{"line":53,"column":4},"end":{"line":53,"column":21}},"12":{"start":{"line":60,"column":4},"end":{"line":60,"column":31}},"13":{"start":{"line":69,"column":4},"end":{"line":69,"column":34}},"14":{"start":{"line":70,"column":4},"end":{"line":70,"column":40}},"15":{"start":{"line":71,"column":4},"end":{"line":71,"column":19}},"16":{"start":{"line":129,"column":4},"end":{"line":129,"column":26}},"17":{"start":{"line":131,"column":4},"end":{"line":131,"column":41}},"18":{"start":{"line":132,"column":4},"end":{"line":132,"column":21}},"19":{"start":{"line":133,"column":4},"end":{"line":133,"column":25}},"20":{"start":{"line":134,"column":4},"end":{"line":134,"column":27}},"21":{"start":{"line":135,"column":4},"end":{"line":135,"column":30}},"22":{"start":{"line":136,"column":4},"end":{"line":136,"column":19}},"23":{"start":{"line":137,"column":4},"end":{"line":137,"column":31}},"24":{"start":{"line":142,"column":4},"end":{"line":142,"column":24}},"25":{"start":{"line":147,"column":4},"end":{"line":147,"column":30}},"26":{"start":{"line":148,"column":4},"end":{"line":148,"column":27}},"27":{"start":{"line":150,"column":4},"end":{"line":150,"column":32}},"28":{"start":{"line":152,"column":4},"end":{"line":152,"column":37}},"29":{"start":{"line":154,"column":4},"end":{"line":154,"column":36}},"30":{"start":{"line":156,"column":4},"end":{"line":156,"column":26}},"31":{"start":{"line":158,"column":4},"end":{"line":158,"column":4194}},"32":{"start":{"line":159,"column":6},"end":{"line":159,"column":86}},"33":{"start":{"line":161,"column":6},"end":{"line":161,"column":4320}},"34":{"start":{"line":162,"column":8},"end":{"line":162,"column":28}},"35":{"start":{"line":166,"column":6},"end":{"line":166,"column":67}},"36":{"start":{"line":168,"column":6},"end":{"line":168,"column":92}},"37":{"start":{"line":170,"column":6},"end":{"line":170,"column":121}},"38":{"start":{"line":172,"column":6},"end":{"line":172,"column":42}},"39":{"start":{"line":173,"column":6},"end":{"line":173,"column":40}},"40":{"start":{"line":175,"column":6},"end":{"line":175,"column":63}},"41":{"start":{"line":178,"column":4},"end":{"line":178,"column":39}},"42":{"start":{"line":180,"column":4},"end":{"line":180,"column":52}},"43":{"start":{"line":182,"column":4},"end":{"line":182,"column":65}},"44":{"start":{"line":184,"column":4},"end":{"line":184,"column":26}},"45":{"start":{"line":189,"column":4},"end":{"line":189,"column":30}},"46":{"start":{"line":194,"column":4},"end":{"line":194,"column":37}},"47":{"start":{"line":195,"column":4},"end":{"line":195,"column":40}},"48":{"start":{"line":196,"column":4},"end":{"line":196,"column":42}},"49":{"start":{"line":201,"column":4},"end":{"line":201,"column":24}},"50":{"start":{"line":221,"column":4},"end":{"line":221,"column":33}},"51":{"start":{"line":229,"column":4},"end":{"line":229,"column":43}},"52":{"start":{"line":230,"column":4},"end":{"line":230,"column":69}},"53":{"start":{"line":231,"column":4},"end":{"line":231,"column":77}},"54":{"start":{"line":245,"column":4},"end":{"line":245,"column":20}},"55":{"start":{"line":246,"column":4},"end":{"line":246,"column":13}},"56":{"start":{"line":252,"column":4},"end":{"line":252,"column":51}},"57":{"start":{"line":253,"column":4},"end":{"line":253,"column":45}},"58":{"start":{"line":274,"column":6},"end":{"line":274,"column":24}},"59":{"start":{"line":279,"column":4},"end":{"line":279,"column":21}}},"branchMap":{"1":{"line":15,"type":"if","locations":[{"start":{"line":15,"column":4},"end":{"line":15,"column":4}},{"start":{"line":15,"column":4},"end":{"line":15,"column":4}}]},"2":{"line":27,"type":"if","locations":[{"start":{"line":27,"column":4},"end":{"line":27,"column":4}},{"start":{"line":27,"column":4},"end":{"line":27,"column":4}}]},"3":{"line":33,"type":"if","locations":[{"start":{"line":33,"column":4},"end":{"line":33,"column":4}},{"start":{"line":33,"column":4},"end":{"line":33,"column":4}}]},"4":{"line":60,"type":"if","locations":[{"start":{"line":60,"column":4},"end":{"line":60,"column":4}},{"start":{"line":60,"column":4},"end":{"line":60,"column":4}}]},"5":{"line":69,"type":"if","locations":[{"start":{"line":69,"column":4},"end":{"line":69,"column":4}},{"start":{"line":69,"column":4},"end":{"line":69,"column":4}}]},"6":{"line":129,"type":"if","locations":[{"start":{"line":129,"column":4},"end":{"line":129,"column":4}},{"start":{"line":129,"column":4},"end":{"line":129,"column":4}}]},"7":{"line":147,"type":"if","locations":[{"start":{"line":147,"column":4},"end":{"line":147,"column":4}},{"start":{"line":147,"column":4},"end":{"line":147,"column":4}}]},"8":{"line":148,"type":"if","locations":[{"start":{"line":148,"column":4},"end":{"line":148,"column":4}},{"start":{"line":148,"column":4},"end":{"line":148,"column":4}}]},"9":{"line":152,"type":"if","locations":[{"start":{"line":152,"column":4},"end":{"line":152,"column":4}},{"start":{"line":152,"column":4},"end":{"line":152,"column":4}}]},"10":{"line":161,"type":"if","locations":[{"start":{"line":161,"column":6},"end":{"line":161,"column":6}},{"start":{"line":161,"column":6},"end":{"line":161,"column":6}}]},"11":{"line":170,"type":"cond-expr","locations":[{"start":{"line":170,"column":74},"end":{"line":170,"column":89}},{"start":{"line":170,"column":92},"end":{"line":170,"column":122}}]},"12":{"line":180,"type":"if","locations":[{"start":{"line":180,"column":4},"end":{"line":180,"column":4}},{"start":{"line":180,"column":4},"end":{"line":180,"column":4}}]},"13":{"line":229,"type":"if","locations":[{"start":{"line":229,"column":4},"end":{"line":229,"column":4}},{"start":{"line":229,"column":4},"end":{"line":229,"column":4}}]},"14":{"line":245,"type":"if","locations":[{"start":{"line":245,"column":4},"end":{"line":245,"column":4}},{"start":{"line":245,"column":4},"end":{"line":245,"column":4}}]},"15":{"line":274,"type":"if","locations":[{"start":{"line":274,"column":6},"end":{"line":274,"column":6}},{"start":{"line":274,"column":6},"end":{"line":274,"column":6}}]}}}}